/*C5*/SET SCHEMA PUBLIC
DELETE FROM HIB_PLATFORM WHERE ID='da13ea1d8bca7028018bcadee9ad0001'
COMMIT
DELETE FROM HIB_PLATFORM WHERE ID='da13ea1d8bca7028018bcd1ed0410007'
COMMIT
INSERT INTO HIB_PLATFORM VALUES('da13ea1d8bcd86ff018bcd88ee0e0001','PlatformImpl','da13eab08b920352018b9203545b0001',NULL,NULL)
DELETE FROM HIB_PLATFORM WHERE ID='da13ea1d8bcd86ff018bcd88ee0e0001'
INSERT INTO HIB_PLATFORM VALUES('da13ea1d8bcd86ff018bcd88ee0e0001','PlatformImpl','da13eab08b920352018b920354750003','DefaultName',NULL)
COMMIT
DELETE FROM HIB_PLATFORM WHERE ID='da13eab08b920352018b9210f0740006'
COMMIT
DELETE FROM HIB_PLATFORM WHERE ID='da13eab08b920352018b92103a000005'
COMMIT
DELETE FROM HIB_PLATFORM WHERE ID='da13ea1d8bcd86ff018bcd88ee0e0001'
INSERT INTO HIB_PLATFORM VALUES('da13ea1d8bcd86ff018bcd88ee0e0001','PlatformImpl','da13ea1d8bca7028018bcae41aea0006','DefaultName',NULL)
COMMIT
DELETE FROM HIB_PLATFORM WHERE ID='da13ea1d8bcd86ff018bcd88ee0e0001'
COMMIT
DELETE FROM HIB_PLATFORM WHERE ID='da13eab08b920352018b920354600002'
COMMIT
DELETE FROM HIB_PLATFORM WHERE ID='da13eab08b920352018b9209aa010004'
COMMIT
DELETE FROM HIB_PLATFORM WHERE ID='da13ea1d8bca7028018bcd2410ad000a'
COMMIT
DELETE FROM HIB_PLATFORM WHERE ID='da13ea1d8bca7028018bcd203e050009'
COMMIT
DELETE FROM HIB_PLATFORM WHERE ID='da13ea1d8bca7028018bcae05a1a0002'
COMMIT
DELETE FROM HIB_PLATFORM WHERE ID='da13ea1d8bca7028018bcae088da0003'
COMMIT
DELETE FROM HIB_PLATFORM WHERE ID='da13ea1d8bca7028018bcae09aa60004'
COMMIT
DELETE FROM HIB_PLATFORM WHERE ID='da13ea1d8bca7028018bcae0a63d0005'
COMMIT
DELETE FROM HIB_PLATFORM WHERE ID='da13ea1d8bca7028018bcd202e080008'
COMMIT
INSERT INTO HIB_PLATFORM VALUES('da13ea1d8bcd86ff018bcd9028040002','PlatformImpl','da13eab08b920352018b9203545b0001',NULL,NULL)
DELETE FROM HIB_PLATFORM WHERE ID='da13ea1d8bcd86ff018bcd9028040002'
INSERT INTO HIB_PLATFORM VALUES('da13ea1d8bcd86ff018bcd9028040002','PlatformImpl','da13eab08b920352018b920354750003','DefaultName',NULL)
COMMIT
DELETE FROM HIB_PLATFORM WHERE ID='da13ea1d8bcd86ff018bcd9028040002'
INSERT INTO HIB_PLATFORM VALUES('da13ea1d8bcd86ff018bcd9028040002','PlatformImpl','da13ea1d8bca7028018bcae41aea0006','DefaultName',NULL)
COMMIT
DELETE FROM HIB_PLATFORM WHERE ID='da13ea1d8bcd86ff018bcd9028040002'
COMMIT
INSERT INTO HIB_PLATFORM VALUES('da13ea1d8bcd86ff018bcd9489d10003','PlatformImpl','da13eab08b920352018b9203545b0001',NULL,NULL)
DELETE FROM HIB_PLATFORM WHERE ID='da13ea1d8bcd86ff018bcd9489d10003'
INSERT INTO HIB_PLATFORM VALUES('da13ea1d8bcd86ff018bcd9489d10003','PlatformImpl','da13eab08b920352018b920354750003','DefaultName',NULL)
COMMIT
DELETE FROM HIB_PLATFORM WHERE ID='da13ea1d8bcd86ff018bcd9489d10003'
COMMIT
INSERT INTO HIB_PLATFORM VALUES('da13ea1d8bcd86ff018bcd989a710004','PlatformImpl','da13eab08b920352018b9203545b0001',NULL,NULL)
DELETE FROM HIB_PLATFORM WHERE ID='da13ea1d8bcd86ff018bcd989a710004'
INSERT INTO HIB_PLATFORM VALUES('da13ea1d8bcd86ff018bcd989a710004','PlatformImpl','da13eab08b920352018b920354750003','DefaultName',NULL)
COMMIT
DELETE FROM HIB_PLATFORM WHERE ID='da13ea1d8bcd86ff018bcd989a710004'
INSERT INTO HIB_PLATFORM VALUES('da13ea1d8bcd86ff018bcd989a710004','PlatformImpl','da13ea1d8bca7028018bcae41aea0006','DefaultName',NULL)
COMMIT
DELETE FROM HIB_PLATFORM WHERE ID='da13ea1d8bcd86ff018bcd989a710004'
COMMIT
INSERT INTO HIB_PLATFORM VALUES('da13ea1d8bcd86ff018bcd999df70005','PlatformImpl','da13eab08b920352018b9203545b0001',NULL,NULL)
DELETE FROM HIB_PLATFORM WHERE ID='da13ea1d8bcd86ff018bcd999df70005'
INSERT INTO HIB_PLATFORM VALUES('da13ea1d8bcd86ff018bcd999df70005','PlatformImpl','da13eab08b920352018b920354750003','DefaultName',NULL)
COMMIT
DELETE FROM HIB_PLATFORM WHERE ID='da13ea1d8bcd86ff018bcd999df70005'
INSERT INTO HIB_PLATFORM VALUES('da13ea1d8bcd86ff018bcd999df70005','PlatformImpl','da13ea1d8bca7028018bcae41aea0006','DefaultName',NULL)
COMMIT
DELETE FROM HIB_PLATFORM WHERE ID='da13ea1d8bcd86ff018bcd999df70005'
COMMIT
INSERT INTO HIB_PLATFORM VALUES('da13ea1d8bcd86ff018bcd9d07f30006','PlatformImpl','da13eab08b920352018b9203545b0001',NULL,NULL)
DELETE FROM HIB_PLATFORM WHERE ID='da13ea1d8bcd86ff018bcd9d07f30006'
INSERT INTO HIB_PLATFORM VALUES('da13ea1d8bcd86ff018bcd9d07f30006','PlatformImpl','da13eab08b920352018b920354750003','DefaultName',NULL)
COMMIT
DELETE FROM HIB_PLATFORM WHERE ID='da13ea1d8bcd86ff018bcd9d07f30006'
COMMIT
INSERT INTO HIB_PLATFORM VALUES('da13ea1d8bcd86ff018bcd9d24fc0007','PlatformImpl','da13eab08b920352018b9203545b0001',NULL,NULL)
DELETE FROM HIB_PLATFORM WHERE ID='da13ea1d8bcd86ff018bcd9d24fc0007'
INSERT INTO HIB_PLATFORM VALUES('da13ea1d8bcd86ff018bcd9d24fc0007','PlatformImpl','da13eab08b920352018b920354750003','DefaultName',NULL)
COMMIT
DELETE FROM HIB_PLATFORM WHERE ID='da13ea1d8bcd86ff018bcd9d24fc0007'
INSERT INTO HIB_PLATFORM VALUES('da13ea1d8bcd86ff018bcd9d24fc0007','PlatformImpl','da13ea1d8bca7028018bcae41aea0006','DefaultName',NULL)
COMMIT
DELETE FROM HIB_PLATFORM WHERE ID='da13ea1d8bcd86ff018bcd9d24fc0007'
COMMIT
INSERT INTO HIB_PLATFORM VALUES('da13ea1d8bcd86ff018bcd9e8d970008','PlatformImpl','da13eab08b920352018b9203545b0001',NULL,NULL)
DELETE FROM HIB_PLATFORM WHERE ID='da13ea1d8bcd86ff018bcd9e8d970008'
INSERT INTO HIB_PLATFORM VALUES('da13ea1d8bcd86ff018bcd9e8d970008','PlatformImpl','da13eab08b920352018b920354750003','DefaultName',NULL)
COMMIT
DELETE FROM HIB_PLATFORM WHERE ID='da13ea1d8bcd86ff018bcd9e8d970008'
INSERT INTO HIB_PLATFORM VALUES('da13ea1d8bcd86ff018bcd9e8d970008','PlatformImpl','da13ea1d8bca7028018bcae41aea0006','DefaultName',NULL)
COMMIT
DELETE FROM HIB_PLATFORM WHERE ID='da13ea1d8bcd86ff018bcd9e8d970008'
COMMIT
INSERT INTO HIB_PLATFORM VALUES('da13ea1d8bcd86ff018bcd9f943e0009','PlatformImpl','da13eab08b920352018b9203545b0001',NULL,NULL)
DELETE FROM HIB_PLATFORM WHERE ID='da13ea1d8bcd86ff018bcd9f943e0009'
INSERT INTO HIB_PLATFORM VALUES('da13ea1d8bcd86ff018bcd9f943e0009','PlatformImpl','da13eab08b920352018b920354750003','DefaultName',NULL)
COMMIT
DELETE FROM HIB_PLATFORM WHERE ID='da13ea1d8bcd86ff018bcd9f943e0009'
INSERT INTO HIB_PLATFORM VALUES('da13ea1d8bcd86ff018bcd9f943e0009','PlatformImpl','da13ea1d8bca7028018bcae41aea0006','DefaultName',NULL)
COMMIT
DELETE FROM HIB_PLATFORM WHERE ID='da13ea1d8bcd86ff018bcd9f943e0009'
COMMIT
INSERT INTO HIB_PLATFORM VALUES('da13ea1d8bcd86ff018bcda84b3e000a','PlatformImpl','da13eab08b920352018b9203545b0001',NULL,NULL)
DELETE FROM HIB_PLATFORM WHERE ID='da13ea1d8bcd86ff018bcda84b3e000a'
INSERT INTO HIB_PLATFORM VALUES('da13ea1d8bcd86ff018bcda84b3e000a','PlatformImpl','da13eab08b920352018b920354750003','DefaultName',NULL)
COMMIT
DELETE FROM HIB_PLATFORM WHERE ID='da13ea1d8bcd86ff018bcda84b3e000a'
INSERT INTO HIB_PLATFORM VALUES('da13ea1d8bcd86ff018bcda84b3e000a','PlatformImpl','da13ea1d8bca7028018bcae41aea0006','DefaultName',NULL)
COMMIT
DELETE FROM HIB_PLATFORM WHERE ID='da13ea1d8bcd86ff018bcda84b3e000a'
COMMIT
INSERT INTO HIB_PLATFORM VALUES('da13ea1d8bcd86ff018bcda953a9000b','PlatformImpl','da13eab08b920352018b9203545b0001',NULL,NULL)
DELETE FROM HIB_PLATFORM WHERE ID='da13ea1d8bcd86ff018bcda953a9000b'
INSERT INTO HIB_PLATFORM VALUES('da13ea1d8bcd86ff018bcda953a9000b','PlatformImpl','da13eab08b920352018b920354750003','DefaultName',NULL)
COMMIT
INSERT INTO HIB_PLATFORM VALUES('da13ea1d8bcd86ff018bcdb6fe5f000c','PlatformImpl','da13eab08b920352018b9203545b0001',NULL,NULL)
DELETE FROM HIB_PLATFORM WHERE ID='da13ea1d8bcd86ff018bcdb6fe5f000c'
INSERT INTO HIB_PLATFORM VALUES('da13ea1d8bcd86ff018bcdb6fe5f000c','PlatformImpl','da13eab08b920352018b920354750003','DefaultName',NULL)
COMMIT
DELETE FROM HIB_PLATFORM WHERE ID='da13ea1d8bcd86ff018bcdb6fe5f000c'
INSERT INTO HIB_PLATFORM VALUES('da13ea1d8bcd86ff018bcdb6fe5f000c','PlatformImpl','da13ea1d8bca7028018bcae41aea0006','DefaultName',NULL)
COMMIT
DELETE FROM HIB_PLATFORM WHERE ID='da13ea1d8bcd86ff018bcda953a9000b'
INSERT INTO HIB_PLATFORM VALUES('da13ea1d8bcd86ff018bcda953a9000b','PlatformImpl','da13ea1d8bca7028018bcae41aea0006','DefaultName',NULL)
COMMIT
DELETE FROM HIB_PLATFORM WHERE ID='da13ea1d8bcd86ff018bcda953a9000b'
COMMIT
DELETE FROM HIB_PLATFORM WHERE ID='da13ea1d8bcd86ff018bcdb6fe5f000c'
COMMIT
INSERT INTO HIB_PLATFORM VALUES('da13ea1d8bcd86ff018bcdb82a1d000d','PlatformImpl','da13eab08b920352018b9203545b0001',NULL,NULL)
DELETE FROM HIB_PLATFORM WHERE ID='da13ea1d8bcd86ff018bcdb82a1d000d'
INSERT INTO HIB_PLATFORM VALUES('da13ea1d8bcd86ff018bcdb82a1d000d','PlatformImpl','da13eab08b920352018b920354750003','MyIoTPlatform',NULL)
COMMIT
INSERT INTO HIB_PLATFORM VALUES('da13ea1d8bcd86ff018bcdbab451000e','PlatformImpl','da13eab08b920352018b9203545b0001',NULL,NULL)
DELETE FROM HIB_PLATFORM WHERE ID='da13ea1d8bcd86ff018bcdbab451000e'
INSERT INTO HIB_PLATFORM VALUES('da13ea1d8bcd86ff018bcdbab451000e','PlatformImpl','da13eab08b920352018b920354750003','PlutoPlatform',NULL)
COMMIT
DELETE FROM HIB_PLATFORM WHERE ID='da13ea1d8bcd86ff018bcdbab451000e'
INSERT INTO HIB_PLATFORM VALUES('da13ea1d8bcd86ff018bcdbab451000e','PlatformImpl','da13ea1d8bca7028018bcae41aea0006','PlutoPlatform',NULL)
COMMIT
DELETE FROM HIB_PLATFORM WHERE ID='da13ea1d8bcd86ff018bcdb82a1d000d'
COMMIT
DELETE FROM HIB_PLATFORM WHERE ID='da13ea1d8bcd86ff018bcdbab451000e'
COMMIT
